Rendering to 1024x1024 image
Loaded scene with 100000 circles
Loaded scene with 100000 circles
---------------------------------------------------------
Initializing CUDA for CudaRenderer
Found 1 CUDA devices
Device 0: NVIDIA GeForce RTX 5070 Ti
   SMs:        70
   Global mem: 16303 MB
   CUDA Cap:   12.0
---------------------------------------------------------

Running benchmark, 1 frames, beginning at frame 0 ...
Dumping frames to logs/output_xxx.ppm
Copying image data from device
Wrote image file logs/output_0000.ppm
Copying image data from device
***************** Correctness check passed **************************
Clear:    0.6230 ms
Advance:  0.0005 ms
Render:   10.9946 ms
Total:    11.6182 ms
File IO:  139.9113 ms

Overall:  1.7064 sec (note units are seconds)
