Rendering to 1024x1024 image
Loaded scene with 3 circles
Loaded scene with 3 circles
---------------------------------------------------------
Initializing CUDA for CudaRenderer
Found 1 CUDA devices
Device 0: NVIDIA GeForce RTX 5070 Ti
   SMs:        70
   Global mem: 16303 MB
   CUDA Cap:   12.0
---------------------------------------------------------

Running benchmark, 1 frames, beginning at frame 0 ...
Dumping frames to logs/output_xxx.ppm
Copying image data from device
Wrote image file logs/output_0000.ppm
Copying image data from device
***************** Correctness check passed **************************
Clear:    0.6939 ms
Advance:  0.0005 ms
Render:   0.0912 ms
Total:    0.7855 ms
File IO:  150.1121 ms

Overall:  0.1673 sec (note units are seconds)
